<?xml version="1.0" encoding="UTF-8"?>
<!-- Generated by org.testng.reporters.JUnitReportReporter -->
<testsuite hostname="DESKTOP-57NTRD2" failures="0" tests="1" name="testCases.TC_003_LoginDDT" time="0.000" errors="0" timestamp="2023-02-03T03:48:02 IST" skipped="1">
  <testcase classname="testCases.TC_003_LoginDDT" name="test_loginDDT" time="0.000">
    <skipped/>
  </testcase> <!-- test_loginDDT -->
  <system-out/>
</testsuite> <!-- testCases.TC_003_LoginDDT -->
